[2019-05-16 00:00:02] local.ERROR: Invalid argument supplied for foreach() {"exception":"[object] (ErrorException(code: 0): Invalid argument supplied for foreach() at /home/hgsdev/vendor/symfony/console/Input/ArgvInput.php:260)
[stacktrace]
#0 /home/hgsdev/vendor/symfony/console/Input/ArgvInput.php(260): Illuminate\\Foundation\\Bootstrap\\HandleExceptions->handleError(2, 'Invalid argumen...', '/home/hgsdev/ve...', 260, Array)
#1 /home/hgsdev/vendor/symfony/console/Application.php(950): Symfony\\Component\\Console\\Input\\ArgvInput->getFirstArgument()
#2 /home/hgsdev/vendor/laravel/framework/src/Illuminate/Console/Application.php(80): Symfony\\Component\\Console\\Application->getCommandName(Object(Symfony\\Component\\Console\\Input\\ArgvInput))
#3 /home/hgsdev/vendor/laravel/framework/src/Illuminate/Foundation/Console/Kernel.php(122): Illuminate\\Console\\Application->run(Object(Symfony\\Component\\Console\\Input\\ArgvInput), Object(Symfony\\Component\\Console\\Output\\ConsoleOutput))
#4 /home/hgsdev/artisan(36): Illuminate\\Foundation\\Console\\Kernel->handle(Object(Symfony\\Component\\Console\\Input\\ArgvInput), Object(Symfony\\Component\\Console\\Output\\ConsoleOutput))
#5 {main}
"} 
[2019-05-16 00:15:01] local.ERROR: Invalid argument supplied for foreach() {"exception":"[object] (ErrorException(code: 0): Invalid argument supplied for foreach() at /home/hgsdev/vendor/symfony/console/Input/ArgvInput.php:260)
[stacktrace]
#0 /home/hgsdev/vendor/symfony/console/Input/ArgvInput.php(260): Illuminate\\Foundation\\Bootstrap\\HandleExceptions->handleError(2, 'Invalid argumen...', '/home/hgsdev/ve...', 260, Array)
#1 /home/hgsdev/vendor/symfony/console/Application.php(950): Symfony\\Component\\Console\\Input\\ArgvInput->getFirstArgument()
#2 /home/hgsdev/vendor/laravel/framework/src/Illuminate/Console/Application.php(80): Symfony\\Component\\Console\\Application->getCommandName(Object(Symfony\\Component\\Console\\Input\\ArgvInput))
#3 /home/hgsdev/vendor/laravel/framework/src/Illuminate/Foundation/Console/Kernel.php(122): Illuminate\\Console\\Application->run(Object(Symfony\\Component\\Console\\Input\\ArgvInput), Object(Symfony\\Component\\Console\\Output\\ConsoleOutput))
#4 /home/hgsdev/artisan(36): Illuminate\\Foundation\\Console\\Kernel->handle(Object(Symfony\\Component\\Console\\Input\\ArgvInput), Object(Symfony\\Component\\Console\\Output\\ConsoleOutput))
#5 {main}
"} 
[2019-05-16 00:30:01] local.ERROR: Invalid argument supplied for foreach() {"exception":"[object] (ErrorException(code: 0): Invalid argument supplied for foreach() at /home/hgsdev/vendor/symfony/console/Input/ArgvInput.php:260)
[stacktrace]
#0 /home/hgsdev/vendor/symfony/console/Input/ArgvInput.php(260): Illuminate\\Foundation\\Bootstrap\\HandleExceptions->handleError(2, 'Invalid argumen...', '/home/hgsdev/ve...', 260, Array)
#1 /home/hgsdev/vendor/symfony/console/Application.php(950): Symfony\\Component\\Console\\Input\\ArgvInput->getFirstArgument()
#2 /home/hgsdev/vendor/laravel/framework/src/Illuminate/Console/Application.php(80): Symfony\\Component\\Console\\Application->getCommandName(Object(Symfony\\Component\\Console\\Input\\ArgvInput))
#3 /home/hgsdev/vendor/laravel/framework/src/Illuminate/Foundation/Console/Kernel.php(122): Illuminate\\Console\\Application->run(Object(Symfony\\Component\\Console\\Input\\ArgvInput), Object(Symfony\\Component\\Console\\Output\\ConsoleOutput))
#4 /home/hgsdev/artisan(36): Illuminate\\Foundation\\Console\\Kernel->handle(Object(Symfony\\Component\\Console\\Input\\ArgvInput), Object(Symfony\\Component\\Console\\Output\\ConsoleOutput))
#5 {main}
"} 
[2019-05-16 00:45:02] local.ERROR: Invalid argument supplied for foreach() {"exception":"[object] (ErrorException(code: 0): Invalid argument supplied for foreach() at /home/hgsdev/vendor/symfony/console/Input/ArgvInput.php:260)
[stacktrace]
#0 /home/hgsdev/vendor/symfony/console/Input/ArgvInput.php(260): Illuminate\\Foundation\\Bootstrap\\HandleExceptions->handleError(2, 'Invalid argumen...', '/home/hgsdev/ve...', 260, Array)
#1 /home/hgsdev/vendor/symfony/console/Application.php(950): Symfony\\Component\\Console\\Input\\ArgvInput->getFirstArgument()
#2 /home/hgsdev/vendor/laravel/framework/src/Illuminate/Console/Application.php(80): Symfony\\Component\\Console\\Application->getCommandName(Object(Symfony\\Component\\Console\\Input\\ArgvInput))
#3 /home/hgsdev/vendor/laravel/framework/src/Illuminate/Foundation/Console/Kernel.php(122): Illuminate\\Console\\Application->run(Object(Symfony\\Component\\Console\\Input\\ArgvInput), Object(Symfony\\Component\\Console\\Output\\ConsoleOutput))
#4 /home/hgsdev/artisan(36): Illuminate\\Foundation\\Console\\Kernel->handle(Object(Symfony\\Component\\Console\\Input\\ArgvInput), Object(Symfony\\Component\\Console\\Output\\ConsoleOutput))
#5 {main}
"} 
[2019-05-16 01:00:01] local.ERROR: Invalid argument supplied for foreach() {"exception":"[object] (ErrorException(code: 0): Invalid argument supplied for foreach() at /home/hgsdev/vendor/symfony/console/Input/ArgvInput.php:260)
[stacktrace]
#0 /home/hgsdev/vendor/symfony/console/Input/ArgvInput.php(260): Illuminate\\Foundation\\Bootstrap\\HandleExceptions->handleError(2, 'Invalid argumen...', '/home/hgsdev/ve...', 260, Array)
#1 /home/hgsdev/vendor/symfony/console/Application.php(950): Symfony\\Component\\Console\\Input\\ArgvInput->getFirstArgument()
#2 /home/hgsdev/vendor/laravel/framework/src/Illuminate/Console/Application.php(80): Symfony\\Component\\Console\\Application->getCommandName(Object(Symfony\\Component\\Console\\Input\\ArgvInput))
#3 /home/hgsdev/vendor/laravel/framework/src/Illuminate/Foundation/Console/Kernel.php(122): Illuminate\\Console\\Application->run(Object(Symfony\\Component\\Console\\Input\\ArgvInput), Object(Symfony\\Component\\Console\\Output\\ConsoleOutput))
#4 /home/hgsdev/artisan(36): Illuminate\\Foundation\\Console\\Kernel->handle(Object(Symfony\\Component\\Console\\Input\\ArgvInput), Object(Symfony\\Component\\Console\\Output\\ConsoleOutput))
#5 {main}
"} 
[2019-05-16 01:15:01] local.ERROR: Invalid argument supplied for foreach() {"exception":"[object] (ErrorException(code: 0): Invalid argument supplied for foreach() at /home/hgsdev/vendor/symfony/console/Input/ArgvInput.php:260)
[stacktrace]
#0 /home/hgsdev/vendor/symfony/console/Input/ArgvInput.php(260): Illuminate\\Foundation\\Bootstrap\\HandleExceptions->handleError(2, 'Invalid argumen...', '/home/hgsdev/ve...', 260, Array)
#1 /home/hgsdev/vendor/symfony/console/Application.php(950): Symfony\\Component\\Console\\Input\\ArgvInput->getFirstArgument()
#2 /home/hgsdev/vendor/laravel/framework/src/Illuminate/Console/Application.php(80): Symfony\\Component\\Console\\Application->getCommandName(Object(Symfony\\Component\\Console\\Input\\ArgvInput))
#3 /home/hgsdev/vendor/laravel/framework/src/Illuminate/Foundation/Console/Kernel.php(122): Illuminate\\Console\\Application->run(Object(Symfony\\Component\\Console\\Input\\ArgvInput), Object(Symfony\\Component\\Console\\Output\\ConsoleOutput))
#4 /home/hgsdev/artisan(36): Illuminate\\Foundation\\Console\\Kernel->handle(Object(Symfony\\Component\\Console\\Input\\ArgvInput), Object(Symfony\\Component\\Console\\Output\\ConsoleOutput))
#5 {main}
"} 
[2019-05-16 01:30:01] local.ERROR: Invalid argument supplied for foreach() {"exception":"[object] (ErrorException(code: 0): Invalid argument supplied for foreach() at /home/hgsdev/vendor/symfony/console/Input/ArgvInput.php:260)
[stacktrace]
#0 /home/hgsdev/vendor/symfony/console/Input/ArgvInput.php(260): Illuminate\\Foundation\\Bootstrap\\HandleExceptions->handleError(2, 'Invalid argumen...', '/home/hgsdev/ve...', 260, Array)
#1 /home/hgsdev/vendor/symfony/console/Application.php(950): Symfony\\Component\\Console\\Input\\ArgvInput->getFirstArgument()
#2 /home/hgsdev/vendor/laravel/framework/src/Illuminate/Console/Application.php(80): Symfony\\Component\\Console\\Application->getCommandName(Object(Symfony\\Component\\Console\\Input\\ArgvInput))
#3 /home/hgsdev/vendor/laravel/framework/src/Illuminate/Foundation/Console/Kernel.php(122): Illuminate\\Console\\Application->run(Object(Symfony\\Component\\Console\\Input\\ArgvInput), Object(Symfony\\Component\\Console\\Output\\ConsoleOutput))
#4 /home/hgsdev/artisan(36): Illuminate\\Foundation\\Console\\Kernel->handle(Object(Symfony\\Component\\Console\\Input\\ArgvInput), Object(Symfony\\Component\\Console\\Output\\ConsoleOutput))
#5 {main}
"} 
[2019-05-16 01:45:01] local.ERROR: Invalid argument supplied for foreach() {"exception":"[object] (ErrorException(code: 0): Invalid argument supplied for foreach() at /home/hgsdev/vendor/symfony/console/Input/ArgvInput.php:260)
[stacktrace]
#0 /home/hgsdev/vendor/symfony/console/Input/ArgvInput.php(260): Illuminate\\Foundation\\Bootstrap\\HandleExceptions->handleError(2, 'Invalid argumen...', '/home/hgsdev/ve...', 260, Array)
#1 /home/hgsdev/vendor/symfony/console/Application.php(950): Symfony\\Component\\Console\\Input\\ArgvInput->getFirstArgument()
#2 /home/hgsdev/vendor/laravel/framework/src/Illuminate/Console/Application.php(80): Symfony\\Component\\Console\\Application->getCommandName(Object(Symfony\\Component\\Console\\Input\\ArgvInput))
#3 /home/hgsdev/vendor/laravel/framework/src/Illuminate/Foundation/Console/Kernel.php(122): Illuminate\\Console\\Application->run(Object(Symfony\\Component\\Console\\Input\\ArgvInput), Object(Symfony\\Component\\Console\\Output\\ConsoleOutput))
#4 /home/hgsdev/artisan(36): Illuminate\\Foundation\\Console\\Kernel->handle(Object(Symfony\\Component\\Console\\Input\\ArgvInput), Object(Symfony\\Component\\Console\\Output\\ConsoleOutput))
#5 {main}
"} 
[2019-05-16 02:00:01] local.ERROR: Invalid argument supplied for foreach() {"exception":"[object] (ErrorException(code: 0): Invalid argument supplied for foreach() at /home/hgsdev/vendor/symfony/console/Input/ArgvInput.php:260)
[stacktrace]
#0 /home/hgsdev/vendor/symfony/console/Input/ArgvInput.php(260): Illuminate\\Foundation\\Bootstrap\\HandleExceptions->handleError(2, 'Invalid argumen...', '/home/hgsdev/ve...', 260, Array)
#1 /home/hgsdev/vendor/symfony/console/Application.php(950): Symfony\\Component\\Console\\Input\\ArgvInput->getFirstArgument()
#2 /home/hgsdev/vendor/laravel/framework/src/Illuminate/Console/Application.php(80): Symfony\\Component\\Console\\Application->getCommandName(Object(Symfony\\Component\\Console\\Input\\ArgvInput))
#3 /home/hgsdev/vendor/laravel/framework/src/Illuminate/Foundation/Console/Kernel.php(122): Illuminate\\Console\\Application->run(Object(Symfony\\Component\\Console\\Input\\ArgvInput), Object(Symfony\\Component\\Console\\Output\\ConsoleOutput))
#4 /home/hgsdev/artisan(36): Illuminate\\Foundation\\Console\\Kernel->handle(Object(Symfony\\Component\\Console\\Input\\ArgvInput), Object(Symfony\\Component\\Console\\Output\\ConsoleOutput))
#5 {main}
"} 
[2019-05-16 02:15:01] local.ERROR: Invalid argument supplied for foreach() {"exception":"[object] (ErrorException(code: 0): Invalid argument supplied for foreach() at /home/hgsdev/vendor/symfony/console/Input/ArgvInput.php:260)
[stacktrace]
#0 /home/hgsdev/vendor/symfony/console/Input/ArgvInput.php(260): Illuminate\\Foundation\\Bootstrap\\HandleExceptions->handleError(2, 'Invalid argumen...', '/home/hgsdev/ve...', 260, Array)
#1 /home/hgsdev/vendor/symfony/console/Application.php(950): Symfony\\Component\\Console\\Input\\ArgvInput->getFirstArgument()
#2 /home/hgsdev/vendor/laravel/framework/src/Illuminate/Console/Application.php(80): Symfony\\Component\\Console\\Application->getCommandName(Object(Symfony\\Component\\Console\\Input\\ArgvInput))
#3 /home/hgsdev/vendor/laravel/framework/src/Illuminate/Foundation/Console/Kernel.php(122): Illuminate\\Console\\Application->run(Object(Symfony\\Component\\Console\\Input\\ArgvInput), Object(Symfony\\Component\\Console\\Output\\ConsoleOutput))
#4 /home/hgsdev/artisan(36): Illuminate\\Foundation\\Console\\Kernel->handle(Object(Symfony\\Component\\Console\\Input\\ArgvInput), Object(Symfony\\Component\\Console\\Output\\ConsoleOutput))
#5 {main}
"} 
[2019-05-16 02:30:01] local.ERROR: Invalid argument supplied for foreach() {"exception":"[object] (ErrorException(code: 0): Invalid argument supplied for foreach() at /home/hgsdev/vendor/symfony/console/Input/ArgvInput.php:260)
[stacktrace]
#0 /home/hgsdev/vendor/symfony/console/Input/ArgvInput.php(260): Illuminate\\Foundation\\Bootstrap\\HandleExceptions->handleError(2, 'Invalid argumen...', '/home/hgsdev/ve...', 260, Array)
#1 /home/hgsdev/vendor/symfony/console/Application.php(950): Symfony\\Component\\Console\\Input\\ArgvInput->getFirstArgument()
#2 /home/hgsdev/vendor/laravel/framework/src/Illuminate/Console/Application.php(80): Symfony\\Component\\Console\\Application->getCommandName(Object(Symfony\\Component\\Console\\Input\\ArgvInput))
#3 /home/hgsdev/vendor/laravel/framework/src/Illuminate/Foundation/Console/Kernel.php(122): Illuminate\\Console\\Application->run(Object(Symfony\\Component\\Console\\Input\\ArgvInput), Object(Symfony\\Component\\Console\\Output\\ConsoleOutput))
#4 /home/hgsdev/artisan(36): Illuminate\\Foundation\\Console\\Kernel->handle(Object(Symfony\\Component\\Console\\Input\\ArgvInput), Object(Symfony\\Component\\Console\\Output\\ConsoleOutput))
#5 {main}
"} 
[2019-05-16 02:45:01] local.ERROR: Invalid argument supplied for foreach() {"exception":"[object] (ErrorException(code: 0): Invalid argument supplied for foreach() at /home/hgsdev/vendor/symfony/console/Input/ArgvInput.php:260)
[stacktrace]
#0 /home/hgsdev/vendor/symfony/console/Input/ArgvInput.php(260): Illuminate\\Foundation\\Bootstrap\\HandleExceptions->handleError(2, 'Invalid argumen...', '/home/hgsdev/ve...', 260, Array)
#1 /home/hgsdev/vendor/symfony/console/Application.php(950): Symfony\\Component\\Console\\Input\\ArgvInput->getFirstArgument()
#2 /home/hgsdev/vendor/laravel/framework/src/Illuminate/Console/Application.php(80): Symfony\\Component\\Console\\Application->getCommandName(Object(Symfony\\Component\\Console\\Input\\ArgvInput))
#3 /home/hgsdev/vendor/laravel/framework/src/Illuminate/Foundation/Console/Kernel.php(122): Illuminate\\Console\\Application->run(Object(Symfony\\Component\\Console\\Input\\ArgvInput), Object(Symfony\\Component\\Console\\Output\\ConsoleOutput))
#4 /home/hgsdev/artisan(36): Illuminate\\Foundation\\Console\\Kernel->handle(Object(Symfony\\Component\\Console\\Input\\ArgvInput), Object(Symfony\\Component\\Console\\Output\\ConsoleOutput))
#5 {main}
"} 
[2019-05-16 03:00:02] local.ERROR: Invalid argument supplied for foreach() {"exception":"[object] (ErrorException(code: 0): Invalid argument supplied for foreach() at /home/hgsdev/vendor/symfony/console/Input/ArgvInput.php:260)
[stacktrace]
#0 /home/hgsdev/vendor/symfony/console/Input/ArgvInput.php(260): Illuminate\\Foundation\\Bootstrap\\HandleExceptions->handleError(2, 'Invalid argumen...', '/home/hgsdev/ve...', 260, Array)
#1 /home/hgsdev/vendor/symfony/console/Application.php(950): Symfony\\Component\\Console\\Input\\ArgvInput->getFirstArgument()
#2 /home/hgsdev/vendor/laravel/framework/src/Illuminate/Console/Application.php(80): Symfony\\Component\\Console\\Application->getCommandName(Object(Symfony\\Component\\Console\\Input\\ArgvInput))
#3 /home/hgsdev/vendor/laravel/framework/src/Illuminate/Foundation/Console/Kernel.php(122): Illuminate\\Console\\Application->run(Object(Symfony\\Component\\Console\\Input\\ArgvInput), Object(Symfony\\Component\\Console\\Output\\ConsoleOutput))
#4 /home/hgsdev/artisan(36): Illuminate\\Foundation\\Console\\Kernel->handle(Object(Symfony\\Component\\Console\\Input\\ArgvInput), Object(Symfony\\Component\\Console\\Output\\ConsoleOutput))
#5 {main}
"} 
[2019-05-16 03:15:02] local.ERROR: Invalid argument supplied for foreach() {"exception":"[object] (ErrorException(code: 0): Invalid argument supplied for foreach() at /home/hgsdev/vendor/symfony/console/Input/ArgvInput.php:260)
[stacktrace]
#0 /home/hgsdev/vendor/symfony/console/Input/ArgvInput.php(260): Illuminate\\Foundation\\Bootstrap\\HandleExceptions->handleError(2, 'Invalid argumen...', '/home/hgsdev/ve...', 260, Array)
#1 /home/hgsdev/vendor/symfony/console/Application.php(950): Symfony\\Component\\Console\\Input\\ArgvInput->getFirstArgument()
#2 /home/hgsdev/vendor/laravel/framework/src/Illuminate/Console/Application.php(80): Symfony\\Component\\Console\\Application->getCommandName(Object(Symfony\\Component\\Console\\Input\\ArgvInput))
#3 /home/hgsdev/vendor/laravel/framework/src/Illuminate/Foundation/Console/Kernel.php(122): Illuminate\\Console\\Application->run(Object(Symfony\\Component\\Console\\Input\\ArgvInput), Object(Symfony\\Component\\Console\\Output\\ConsoleOutput))
#4 /home/hgsdev/artisan(36): Illuminate\\Foundation\\Console\\Kernel->handle(Object(Symfony\\Component\\Console\\Input\\ArgvInput), Object(Symfony\\Component\\Console\\Output\\ConsoleOutput))
#5 {main}
"} 
[2019-05-16 03:30:02] local.ERROR: Invalid argument supplied for foreach() {"exception":"[object] (ErrorException(code: 0): Invalid argument supplied for foreach() at /home/hgsdev/vendor/symfony/console/Input/ArgvInput.php:260)
[stacktrace]
#0 /home/hgsdev/vendor/symfony/console/Input/ArgvInput.php(260): Illuminate\\Foundation\\Bootstrap\\HandleExceptions->handleError(2, 'Invalid argumen...', '/home/hgsdev/ve...', 260, Array)
#1 /home/hgsdev/vendor/symfony/console/Application.php(950): Symfony\\Component\\Console\\Input\\ArgvInput->getFirstArgument()
#2 /home/hgsdev/vendor/laravel/framework/src/Illuminate/Console/Application.php(80): Symfony\\Component\\Console\\Application->getCommandName(Object(Symfony\\Component\\Console\\Input\\ArgvInput))
#3 /home/hgsdev/vendor/laravel/framework/src/Illuminate/Foundation/Console/Kernel.php(122): Illuminate\\Console\\Application->run(Object(Symfony\\Component\\Console\\Input\\ArgvInput), Object(Symfony\\Component\\Console\\Output\\ConsoleOutput))
#4 /home/hgsdev/artisan(36): Illuminate\\Foundation\\Console\\Kernel->handle(Object(Symfony\\Component\\Console\\Input\\ArgvInput), Object(Symfony\\Component\\Console\\Output\\ConsoleOutput))
#5 {main}
"} 
[2019-05-16 03:45:01] local.ERROR: Invalid argument supplied for foreach() {"exception":"[object] (ErrorException(code: 0): Invalid argument supplied for foreach() at /home/hgsdev/vendor/symfony/console/Input/ArgvInput.php:260)
[stacktrace]
#0 /home/hgsdev/vendor/symfony/console/Input/ArgvInput.php(260): Illuminate\\Foundation\\Bootstrap\\HandleExceptions->handleError(2, 'Invalid argumen...', '/home/hgsdev/ve...', 260, Array)
#1 /home/hgsdev/vendor/symfony/console/Application.php(950): Symfony\\Component\\Console\\Input\\ArgvInput->getFirstArgument()
#2 /home/hgsdev/vendor/laravel/framework/src/Illuminate/Console/Application.php(80): Symfony\\Component\\Console\\Application->getCommandName(Object(Symfony\\Component\\Console\\Input\\ArgvInput))
#3 /home/hgsdev/vendor/laravel/framework/src/Illuminate/Foundation/Console/Kernel.php(122): Illuminate\\Console\\Application->run(Object(Symfony\\Component\\Console\\Input\\ArgvInput), Object(Symfony\\Component\\Console\\Output\\ConsoleOutput))
#4 /home/hgsdev/artisan(36): Illuminate\\Foundation\\Console\\Kernel->handle(Object(Symfony\\Component\\Console\\Input\\ArgvInput), Object(Symfony\\Component\\Console\\Output\\ConsoleOutput))
#5 {main}
"} 
[2019-05-16 04:00:01] local.ERROR: Invalid argument supplied for foreach() {"exception":"[object] (ErrorException(code: 0): Invalid argument supplied for foreach() at /home/hgsdev/vendor/symfony/console/Input/ArgvInput.php:260)
[stacktrace]
#0 /home/hgsdev/vendor/symfony/console/Input/ArgvInput.php(260): Illuminate\\Foundation\\Bootstrap\\HandleExceptions->handleError(2, 'Invalid argumen...', '/home/hgsdev/ve...', 260, Array)
#1 /home/hgsdev/vendor/symfony/console/Application.php(950): Symfony\\Component\\Console\\Input\\ArgvInput->getFirstArgument()
#2 /home/hgsdev/vendor/laravel/framework/src/Illuminate/Console/Application.php(80): Symfony\\Component\\Console\\Application->getCommandName(Object(Symfony\\Component\\Console\\Input\\ArgvInput))
#3 /home/hgsdev/vendor/laravel/framework/src/Illuminate/Foundation/Console/Kernel.php(122): Illuminate\\Console\\Application->run(Object(Symfony\\Component\\Console\\Input\\ArgvInput), Object(Symfony\\Component\\Console\\Output\\ConsoleOutput))
#4 /home/hgsdev/artisan(36): Illuminate\\Foundation\\Console\\Kernel->handle(Object(Symfony\\Component\\Console\\Input\\ArgvInput), Object(Symfony\\Component\\Console\\Output\\ConsoleOutput))
#5 {main}
"} 
[2019-05-16 04:15:01] local.ERROR: Invalid argument supplied for foreach() {"exception":"[object] (ErrorException(code: 0): Invalid argument supplied for foreach() at /home/hgsdev/vendor/symfony/console/Input/ArgvInput.php:260)
[stacktrace]
#0 /home/hgsdev/vendor/symfony/console/Input/ArgvInput.php(260): Illuminate\\Foundation\\Bootstrap\\HandleExceptions->handleError(2, 'Invalid argumen...', '/home/hgsdev/ve...', 260, Array)
#1 /home/hgsdev/vendor/symfony/console/Application.php(950): Symfony\\Component\\Console\\Input\\ArgvInput->getFirstArgument()
#2 /home/hgsdev/vendor/laravel/framework/src/Illuminate/Console/Application.php(80): Symfony\\Component\\Console\\Application->getCommandName(Object(Symfony\\Component\\Console\\Input\\ArgvInput))
#3 /home/hgsdev/vendor/laravel/framework/src/Illuminate/Foundation/Console/Kernel.php(122): Illuminate\\Console\\Application->run(Object(Symfony\\Component\\Console\\Input\\ArgvInput), Object(Symfony\\Component\\Console\\Output\\ConsoleOutput))
#4 /home/hgsdev/artisan(36): Illuminate\\Foundation\\Console\\Kernel->handle(Object(Symfony\\Component\\Console\\Input\\ArgvInput), Object(Symfony\\Component\\Console\\Output\\ConsoleOutput))
#5 {main}
"} 
[2019-05-16 04:30:02] local.ERROR: Invalid argument supplied for foreach() {"exception":"[object] (ErrorException(code: 0): Invalid argument supplied for foreach() at /home/hgsdev/vendor/symfony/console/Input/ArgvInput.php:260)
[stacktrace]
#0 /home/hgsdev/vendor/symfony/console/Input/ArgvInput.php(260): Illuminate\\Foundation\\Bootstrap\\HandleExceptions->handleError(2, 'Invalid argumen...', '/home/hgsdev/ve...', 260, Array)
#1 /home/hgsdev/vendor/symfony/console/Application.php(950): Symfony\\Component\\Console\\Input\\ArgvInput->getFirstArgument()
#2 /home/hgsdev/vendor/laravel/framework/src/Illuminate/Console/Application.php(80): Symfony\\Component\\Console\\Application->getCommandName(Object(Symfony\\Component\\Console\\Input\\ArgvInput))
#3 /home/hgsdev/vendor/laravel/framework/src/Illuminate/Foundation/Console/Kernel.php(122): Illuminate\\Console\\Application->run(Object(Symfony\\Component\\Console\\Input\\ArgvInput), Object(Symfony\\Component\\Console\\Output\\ConsoleOutput))
#4 /home/hgsdev/artisan(36): Illuminate\\Foundation\\Console\\Kernel->handle(Object(Symfony\\Component\\Console\\Input\\ArgvInput), Object(Symfony\\Component\\Console\\Output\\ConsoleOutput))
#5 {main}
"} 
[2019-05-16 04:45:02] local.ERROR: Invalid argument supplied for foreach() {"exception":"[object] (ErrorException(code: 0): Invalid argument supplied for foreach() at /home/hgsdev/vendor/symfony/console/Input/ArgvInput.php:260)
[stacktrace]
#0 /home/hgsdev/vendor/symfony/console/Input/ArgvInput.php(260): Illuminate\\Foundation\\Bootstrap\\HandleExceptions->handleError(2, 'Invalid argumen...', '/home/hgsdev/ve...', 260, Array)
#1 /home/hgsdev/vendor/symfony/console/Application.php(950): Symfony\\Component\\Console\\Input\\ArgvInput->getFirstArgument()
#2 /home/hgsdev/vendor/laravel/framework/src/Illuminate/Console/Application.php(80): Symfony\\Component\\Console\\Application->getCommandName(Object(Symfony\\Component\\Console\\Input\\ArgvInput))
#3 /home/hgsdev/vendor/laravel/framework/src/Illuminate/Foundation/Console/Kernel.php(122): Illuminate\\Console\\Application->run(Object(Symfony\\Component\\Console\\Input\\ArgvInput), Object(Symfony\\Component\\Console\\Output\\ConsoleOutput))
#4 /home/hgsdev/artisan(36): Illuminate\\Foundation\\Console\\Kernel->handle(Object(Symfony\\Component\\Console\\Input\\ArgvInput), Object(Symfony\\Component\\Console\\Output\\ConsoleOutput))
#5 {main}
"} 
[2019-05-16 05:00:02] local.ERROR: Invalid argument supplied for foreach() {"exception":"[object] (ErrorException(code: 0): Invalid argument supplied for foreach() at /home/hgsdev/vendor/symfony/console/Input/ArgvInput.php:260)
[stacktrace]
#0 /home/hgsdev/vendor/symfony/console/Input/ArgvInput.php(260): Illuminate\\Foundation\\Bootstrap\\HandleExceptions->handleError(2, 'Invalid argumen...', '/home/hgsdev/ve...', 260, Array)
#1 /home/hgsdev/vendor/symfony/console/Application.php(950): Symfony\\Component\\Console\\Input\\ArgvInput->getFirstArgument()
#2 /home/hgsdev/vendor/laravel/framework/src/Illuminate/Console/Application.php(80): Symfony\\Component\\Console\\Application->getCommandName(Object(Symfony\\Component\\Console\\Input\\ArgvInput))
#3 /home/hgsdev/vendor/laravel/framework/src/Illuminate/Foundation/Console/Kernel.php(122): Illuminate\\Console\\Application->run(Object(Symfony\\Component\\Console\\Input\\ArgvInput), Object(Symfony\\Component\\Console\\Output\\ConsoleOutput))
#4 /home/hgsdev/artisan(36): Illuminate\\Foundation\\Console\\Kernel->handle(Object(Symfony\\Component\\Console\\Input\\ArgvInput), Object(Symfony\\Component\\Console\\Output\\ConsoleOutput))
#5 {main}
"} 
[2019-05-16 05:15:02] local.ERROR: Invalid argument supplied for foreach() {"exception":"[object] (ErrorException(code: 0): Invalid argument supplied for foreach() at /home/hgsdev/vendor/symfony/console/Input/ArgvInput.php:260)
[stacktrace]
#0 /home/hgsdev/vendor/symfony/console/Input/ArgvInput.php(260): Illuminate\\Foundation\\Bootstrap\\HandleExceptions->handleError(2, 'Invalid argumen...', '/home/hgsdev/ve...', 260, Array)
#1 /home/hgsdev/vendor/symfony/console/Application.php(950): Symfony\\Component\\Console\\Input\\ArgvInput->getFirstArgument()
#2 /home/hgsdev/vendor/laravel/framework/src/Illuminate/Console/Application.php(80): Symfony\\Component\\Console\\Application->getCommandName(Object(Symfony\\Component\\Console\\Input\\ArgvInput))
#3 /home/hgsdev/vendor/laravel/framework/src/Illuminate/Foundation/Console/Kernel.php(122): Illuminate\\Console\\Application->run(Object(Symfony\\Component\\Console\\Input\\ArgvInput), Object(Symfony\\Component\\Console\\Output\\ConsoleOutput))
#4 /home/hgsdev/artisan(36): Illuminate\\Foundation\\Console\\Kernel->handle(Object(Symfony\\Component\\Console\\Input\\ArgvInput), Object(Symfony\\Component\\Console\\Output\\ConsoleOutput))
#5 {main}
"} 
[2019-05-16 05:30:02] local.ERROR: Invalid argument supplied for foreach() {"exception":"[object] (ErrorException(code: 0): Invalid argument supplied for foreach() at /home/hgsdev/vendor/symfony/console/Input/ArgvInput.php:260)
[stacktrace]
#0 /home/hgsdev/vendor/symfony/console/Input/ArgvInput.php(260): Illuminate\\Foundation\\Bootstrap\\HandleExceptions->handleError(2, 'Invalid argumen...', '/home/hgsdev/ve...', 260, Array)
#1 /home/hgsdev/vendor/symfony/console/Application.php(950): Symfony\\Component\\Console\\Input\\ArgvInput->getFirstArgument()
#2 /home/hgsdev/vendor/laravel/framework/src/Illuminate/Console/Application.php(80): Symfony\\Component\\Console\\Application->getCommandName(Object(Symfony\\Component\\Console\\Input\\ArgvInput))
#3 /home/hgsdev/vendor/laravel/framework/src/Illuminate/Foundation/Console/Kernel.php(122): Illuminate\\Console\\Application->run(Object(Symfony\\Component\\Console\\Input\\ArgvInput), Object(Symfony\\Component\\Console\\Output\\ConsoleOutput))
#4 /home/hgsdev/artisan(36): Illuminate\\Foundation\\Console\\Kernel->handle(Object(Symfony\\Component\\Console\\Input\\ArgvInput), Object(Symfony\\Component\\Console\\Output\\ConsoleOutput))
#5 {main}
"} 
[2019-05-16 05:45:01] local.ERROR: Invalid argument supplied for foreach() {"exception":"[object] (ErrorException(code: 0): Invalid argument supplied for foreach() at /home/hgsdev/vendor/symfony/console/Input/ArgvInput.php:260)
[stacktrace]
#0 /home/hgsdev/vendor/symfony/console/Input/ArgvInput.php(260): Illuminate\\Foundation\\Bootstrap\\HandleExceptions->handleError(2, 'Invalid argumen...', '/home/hgsdev/ve...', 260, Array)
#1 /home/hgsdev/vendor/symfony/console/Application.php(950): Symfony\\Component\\Console\\Input\\ArgvInput->getFirstArgument()
#2 /home/hgsdev/vendor/laravel/framework/src/Illuminate/Console/Application.php(80): Symfony\\Component\\Console\\Application->getCommandName(Object(Symfony\\Component\\Console\\Input\\ArgvInput))
#3 /home/hgsdev/vendor/laravel/framework/src/Illuminate/Foundation/Console/Kernel.php(122): Illuminate\\Console\\Application->run(Object(Symfony\\Component\\Console\\Input\\ArgvInput), Object(Symfony\\Component\\Console\\Output\\ConsoleOutput))
#4 /home/hgsdev/artisan(36): Illuminate\\Foundation\\Console\\Kernel->handle(Object(Symfony\\Component\\Console\\Input\\ArgvInput), Object(Symfony\\Component\\Console\\Output\\ConsoleOutput))
#5 {main}
"} 
[2019-05-16 06:00:02] local.ERROR: Invalid argument supplied for foreach() {"exception":"[object] (ErrorException(code: 0): Invalid argument supplied for foreach() at /home/hgsdev/vendor/symfony/console/Input/ArgvInput.php:260)
[stacktrace]
#0 /home/hgsdev/vendor/symfony/console/Input/ArgvInput.php(260): Illuminate\\Foundation\\Bootstrap\\HandleExceptions->handleError(2, 'Invalid argumen...', '/home/hgsdev/ve...', 260, Array)
#1 /home/hgsdev/vendor/symfony/console/Application.php(950): Symfony\\Component\\Console\\Input\\ArgvInput->getFirstArgument()
#2 /home/hgsdev/vendor/laravel/framework/src/Illuminate/Console/Application.php(80): Symfony\\Component\\Console\\Application->getCommandName(Object(Symfony\\Component\\Console\\Input\\ArgvInput))
#3 /home/hgsdev/vendor/laravel/framework/src/Illuminate/Foundation/Console/Kernel.php(122): Illuminate\\Console\\Application->run(Object(Symfony\\Component\\Console\\Input\\ArgvInput), Object(Symfony\\Component\\Console\\Output\\ConsoleOutput))
#4 /home/hgsdev/artisan(36): Illuminate\\Foundation\\Console\\Kernel->handle(Object(Symfony\\Component\\Console\\Input\\ArgvInput), Object(Symfony\\Component\\Console\\Output\\ConsoleOutput))
#5 {main}
"} 
[2019-05-16 06:15:01] local.ERROR: Invalid argument supplied for foreach() {"exception":"[object] (ErrorException(code: 0): Invalid argument supplied for foreach() at /home/hgsdev/vendor/symfony/console/Input/ArgvInput.php:260)
[stacktrace]
#0 /home/hgsdev/vendor/symfony/console/Input/ArgvInput.php(260): Illuminate\\Foundation\\Bootstrap\\HandleExceptions->handleError(2, 'Invalid argumen...', '/home/hgsdev/ve...', 260, Array)
#1 /home/hgsdev/vendor/symfony/console/Application.php(950): Symfony\\Component\\Console\\Input\\ArgvInput->getFirstArgument()
#2 /home/hgsdev/vendor/laravel/framework/src/Illuminate/Console/Application.php(80): Symfony\\Component\\Console\\Application->getCommandName(Object(Symfony\\Component\\Console\\Input\\ArgvInput))
#3 /home/hgsdev/vendor/laravel/framework/src/Illuminate/Foundation/Console/Kernel.php(122): Illuminate\\Console\\Application->run(Object(Symfony\\Component\\Console\\Input\\ArgvInput), Object(Symfony\\Component\\Console\\Output\\ConsoleOutput))
#4 /home/hgsdev/artisan(36): Illuminate\\Foundation\\Console\\Kernel->handle(Object(Symfony\\Component\\Console\\Input\\ArgvInput), Object(Symfony\\Component\\Console\\Output\\ConsoleOutput))
#5 {main}
"} 
[2019-05-16 06:30:02] local.ERROR: Invalid argument supplied for foreach() {"exception":"[object] (ErrorException(code: 0): Invalid argument supplied for foreach() at /home/hgsdev/vendor/symfony/console/Input/ArgvInput.php:260)
[stacktrace]
#0 /home/hgsdev/vendor/symfony/console/Input/ArgvInput.php(260): Illuminate\\Foundation\\Bootstrap\\HandleExceptions->handleError(2, 'Invalid argumen...', '/home/hgsdev/ve...', 260, Array)
#1 /home/hgsdev/vendor/symfony/console/Application.php(950): Symfony\\Component\\Console\\Input\\ArgvInput->getFirstArgument()
#2 /home/hgsdev/vendor/laravel/framework/src/Illuminate/Console/Application.php(80): Symfony\\Component\\Console\\Application->getCommandName(Object(Symfony\\Component\\Console\\Input\\ArgvInput))
#3 /home/hgsdev/vendor/laravel/framework/src/Illuminate/Foundation/Console/Kernel.php(122): Illuminate\\Console\\Application->run(Object(Symfony\\Component\\Console\\Input\\ArgvInput), Object(Symfony\\Component\\Console\\Output\\ConsoleOutput))
#4 /home/hgsdev/artisan(36): Illuminate\\Foundation\\Console\\Kernel->handle(Object(Symfony\\Component\\Console\\Input\\ArgvInput), Object(Symfony\\Component\\Console\\Output\\ConsoleOutput))
#5 {main}
"} 
[2019-05-16 06:45:01] local.ERROR: Invalid argument supplied for foreach() {"exception":"[object] (ErrorException(code: 0): Invalid argument supplied for foreach() at /home/hgsdev/vendor/symfony/console/Input/ArgvInput.php:260)
[stacktrace]
#0 /home/hgsdev/vendor/symfony/console/Input/ArgvInput.php(260): Illuminate\\Foundation\\Bootstrap\\HandleExceptions->handleError(2, 'Invalid argumen...', '/home/hgsdev/ve...', 260, Array)
#1 /home/hgsdev/vendor/symfony/console/Application.php(950): Symfony\\Component\\Console\\Input\\ArgvInput->getFirstArgument()
#2 /home/hgsdev/vendor/laravel/framework/src/Illuminate/Console/Application.php(80): Symfony\\Component\\Console\\Application->getCommandName(Object(Symfony\\Component\\Console\\Input\\ArgvInput))
#3 /home/hgsdev/vendor/laravel/framework/src/Illuminate/Foundation/Console/Kernel.php(122): Illuminate\\Console\\Application->run(Object(Symfony\\Component\\Console\\Input\\ArgvInput), Object(Symfony\\Component\\Console\\Output\\ConsoleOutput))
#4 /home/hgsdev/artisan(36): Illuminate\\Foundation\\Console\\Kernel->handle(Object(Symfony\\Component\\Console\\Input\\ArgvInput), Object(Symfony\\Component\\Console\\Output\\ConsoleOutput))
#5 {main}
"} 
[2019-05-16 07:00:02] local.ERROR: Invalid argument supplied for foreach() {"exception":"[object] (ErrorException(code: 0): Invalid argument supplied for foreach() at /home/hgsdev/vendor/symfony/console/Input/ArgvInput.php:260)
[stacktrace]
#0 /home/hgsdev/vendor/symfony/console/Input/ArgvInput.php(260): Illuminate\\Foundation\\Bootstrap\\HandleExceptions->handleError(2, 'Invalid argumen...', '/home/hgsdev/ve...', 260, Array)
#1 /home/hgsdev/vendor/symfony/console/Application.php(950): Symfony\\Component\\Console\\Input\\ArgvInput->getFirstArgument()
#2 /home/hgsdev/vendor/laravel/framework/src/Illuminate/Console/Application.php(80): Symfony\\Component\\Console\\Application->getCommandName(Object(Symfony\\Component\\Console\\Input\\ArgvInput))
#3 /home/hgsdev/vendor/laravel/framework/src/Illuminate/Foundation/Console/Kernel.php(122): Illuminate\\Console\\Application->run(Object(Symfony\\Component\\Console\\Input\\ArgvInput), Object(Symfony\\Component\\Console\\Output\\ConsoleOutput))
#4 /home/hgsdev/artisan(36): Illuminate\\Foundation\\Console\\Kernel->handle(Object(Symfony\\Component\\Console\\Input\\ArgvInput), Object(Symfony\\Component\\Console\\Output\\ConsoleOutput))
#5 {main}
"} 
[2019-05-16 07:15:02] local.ERROR: Invalid argument supplied for foreach() {"exception":"[object] (ErrorException(code: 0): Invalid argument supplied for foreach() at /home/hgsdev/vendor/symfony/console/Input/ArgvInput.php:260)
[stacktrace]
#0 /home/hgsdev/vendor/symfony/console/Input/ArgvInput.php(260): Illuminate\\Foundation\\Bootstrap\\HandleExceptions->handleError(2, 'Invalid argumen...', '/home/hgsdev/ve...', 260, Array)
#1 /home/hgsdev/vendor/symfony/console/Application.php(950): Symfony\\Component\\Console\\Input\\ArgvInput->getFirstArgument()
#2 /home/hgsdev/vendor/laravel/framework/src/Illuminate/Console/Application.php(80): Symfony\\Component\\Console\\Application->getCommandName(Object(Symfony\\Component\\Console\\Input\\ArgvInput))
#3 /home/hgsdev/vendor/laravel/framework/src/Illuminate/Foundation/Console/Kernel.php(122): Illuminate\\Console\\Application->run(Object(Symfony\\Component\\Console\\Input\\ArgvInput), Object(Symfony\\Component\\Console\\Output\\ConsoleOutput))
#4 /home/hgsdev/artisan(36): Illuminate\\Foundation\\Console\\Kernel->handle(Object(Symfony\\Component\\Console\\Input\\ArgvInput), Object(Symfony\\Component\\Console\\Output\\ConsoleOutput))
#5 {main}
"} 
[2019-05-16 07:30:01] local.ERROR: Invalid argument supplied for foreach() {"exception":"[object] (ErrorException(code: 0): Invalid argument supplied for foreach() at /home/hgsdev/vendor/symfony/console/Input/ArgvInput.php:260)
[stacktrace]
#0 /home/hgsdev/vendor/symfony/console/Input/ArgvInput.php(260): Illuminate\\Foundation\\Bootstrap\\HandleExceptions->handleError(2, 'Invalid argumen...', '/home/hgsdev/ve...', 260, Array)
#1 /home/hgsdev/vendor/symfony/console/Application.php(950): Symfony\\Component\\Console\\Input\\ArgvInput->getFirstArgument()
#2 /home/hgsdev/vendor/laravel/framework/src/Illuminate/Console/Application.php(80): Symfony\\Component\\Console\\Application->getCommandName(Object(Symfony\\Component\\Console\\Input\\ArgvInput))
#3 /home/hgsdev/vendor/laravel/framework/src/Illuminate/Foundation/Console/Kernel.php(122): Illuminate\\Console\\Application->run(Object(Symfony\\Component\\Console\\Input\\ArgvInput), Object(Symfony\\Component\\Console\\Output\\ConsoleOutput))
#4 /home/hgsdev/artisan(36): Illuminate\\Foundation\\Console\\Kernel->handle(Object(Symfony\\Component\\Console\\Input\\ArgvInput), Object(Symfony\\Component\\Console\\Output\\ConsoleOutput))
#5 {main}
"} 
[2019-05-16 07:45:02] local.ERROR: Invalid argument supplied for foreach() {"exception":"[object] (ErrorException(code: 0): Invalid argument supplied for foreach() at /home/hgsdev/vendor/symfony/console/Input/ArgvInput.php:260)
[stacktrace]
#0 /home/hgsdev/vendor/symfony/console/Input/ArgvInput.php(260): Illuminate\\Foundation\\Bootstrap\\HandleExceptions->handleError(2, 'Invalid argumen...', '/home/hgsdev/ve...', 260, Array)
#1 /home/hgsdev/vendor/symfony/console/Application.php(950): Symfony\\Component\\Console\\Input\\ArgvInput->getFirstArgument()
#2 /home/hgsdev/vendor/laravel/framework/src/Illuminate/Console/Application.php(80): Symfony\\Component\\Console\\Application->getCommandName(Object(Symfony\\Component\\Console\\Input\\ArgvInput))
#3 /home/hgsdev/vendor/laravel/framework/src/Illuminate/Foundation/Console/Kernel.php(122): Illuminate\\Console\\Application->run(Object(Symfony\\Component\\Console\\Input\\ArgvInput), Object(Symfony\\Component\\Console\\Output\\ConsoleOutput))
#4 /home/hgsdev/artisan(36): Illuminate\\Foundation\\Console\\Kernel->handle(Object(Symfony\\Component\\Console\\Input\\ArgvInput), Object(Symfony\\Component\\Console\\Output\\ConsoleOutput))
#5 {main}
"} 
[2019-05-16 08:00:01] local.ERROR: Invalid argument supplied for foreach() {"exception":"[object] (ErrorException(code: 0): Invalid argument supplied for foreach() at /home/hgsdev/vendor/symfony/console/Input/ArgvInput.php:260)
[stacktrace]
#0 /home/hgsdev/vendor/symfony/console/Input/ArgvInput.php(260): Illuminate\\Foundation\\Bootstrap\\HandleExceptions->handleError(2, 'Invalid argumen...', '/home/hgsdev/ve...', 260, Array)
#1 /home/hgsdev/vendor/symfony/console/Application.php(950): Symfony\\Component\\Console\\Input\\ArgvInput->getFirstArgument()
#2 /home/hgsdev/vendor/laravel/framework/src/Illuminate/Console/Application.php(80): Symfony\\Component\\Console\\Application->getCommandName(Object(Symfony\\Component\\Console\\Input\\ArgvInput))
#3 /home/hgsdev/vendor/laravel/framework/src/Illuminate/Foundation/Console/Kernel.php(122): Illuminate\\Console\\Application->run(Object(Symfony\\Component\\Console\\Input\\ArgvInput), Object(Symfony\\Component\\Console\\Output\\ConsoleOutput))
#4 /home/hgsdev/artisan(36): Illuminate\\Foundation\\Console\\Kernel->handle(Object(Symfony\\Component\\Console\\Input\\ArgvInput), Object(Symfony\\Component\\Console\\Output\\ConsoleOutput))
#5 {main}
"} 
[2019-05-16 08:15:01] local.ERROR: Invalid argument supplied for foreach() {"exception":"[object] (ErrorException(code: 0): Invalid argument supplied for foreach() at /home/hgsdev/vendor/symfony/console/Input/ArgvInput.php:260)
[stacktrace]
#0 /home/hgsdev/vendor/symfony/console/Input/ArgvInput.php(260): Illuminate\\Foundation\\Bootstrap\\HandleExceptions->handleError(2, 'Invalid argumen...', '/home/hgsdev/ve...', 260, Array)
#1 /home/hgsdev/vendor/symfony/console/Application.php(950): Symfony\\Component\\Console\\Input\\ArgvInput->getFirstArgument()
#2 /home/hgsdev/vendor/laravel/framework/src/Illuminate/Console/Application.php(80): Symfony\\Component\\Console\\Application->getCommandName(Object(Symfony\\Component\\Console\\Input\\ArgvInput))
#3 /home/hgsdev/vendor/laravel/framework/src/Illuminate/Foundation/Console/Kernel.php(122): Illuminate\\Console\\Application->run(Object(Symfony\\Component\\Console\\Input\\ArgvInput), Object(Symfony\\Component\\Console\\Output\\ConsoleOutput))
#4 /home/hgsdev/artisan(36): Illuminate\\Foundation\\Console\\Kernel->handle(Object(Symfony\\Component\\Console\\Input\\ArgvInput), Object(Symfony\\Component\\Console\\Output\\ConsoleOutput))
#5 {main}
"} 
[2019-05-16 08:30:02] local.ERROR: Invalid argument supplied for foreach() {"exception":"[object] (ErrorException(code: 0): Invalid argument supplied for foreach() at /home/hgsdev/vendor/symfony/console/Input/ArgvInput.php:260)
[stacktrace]
#0 /home/hgsdev/vendor/symfony/console/Input/ArgvInput.php(260): Illuminate\\Foundation\\Bootstrap\\HandleExceptions->handleError(2, 'Invalid argumen...', '/home/hgsdev/ve...', 260, Array)
#1 /home/hgsdev/vendor/symfony/console/Application.php(950): Symfony\\Component\\Console\\Input\\ArgvInput->getFirstArgument()
#2 /home/hgsdev/vendor/laravel/framework/src/Illuminate/Console/Application.php(80): Symfony\\Component\\Console\\Application->getCommandName(Object(Symfony\\Component\\Console\\Input\\ArgvInput))
#3 /home/hgsdev/vendor/laravel/framework/src/Illuminate/Foundation/Console/Kernel.php(122): Illuminate\\Console\\Application->run(Object(Symfony\\Component\\Console\\Input\\ArgvInput), Object(Symfony\\Component\\Console\\Output\\ConsoleOutput))
#4 /home/hgsdev/artisan(36): Illuminate\\Foundation\\Console\\Kernel->handle(Object(Symfony\\Component\\Console\\Input\\ArgvInput), Object(Symfony\\Component\\Console\\Output\\ConsoleOutput))
#5 {main}
"} 
[2019-05-16 08:45:01] local.ERROR: Invalid argument supplied for foreach() {"exception":"[object] (ErrorException(code: 0): Invalid argument supplied for foreach() at /home/hgsdev/vendor/symfony/console/Input/ArgvInput.php:260)
[stacktrace]
#0 /home/hgsdev/vendor/symfony/console/Input/ArgvInput.php(260): Illuminate\\Foundation\\Bootstrap\\HandleExceptions->handleError(2, 'Invalid argumen...', '/home/hgsdev/ve...', 260, Array)
#1 /home/hgsdev/vendor/symfony/console/Application.php(950): Symfony\\Component\\Console\\Input\\ArgvInput->getFirstArgument()
#2 /home/hgsdev/vendor/laravel/framework/src/Illuminate/Console/Application.php(80): Symfony\\Component\\Console\\Application->getCommandName(Object(Symfony\\Component\\Console\\Input\\ArgvInput))
#3 /home/hgsdev/vendor/laravel/framework/src/Illuminate/Foundation/Console/Kernel.php(122): Illuminate\\Console\\Application->run(Object(Symfony\\Component\\Console\\Input\\ArgvInput), Object(Symfony\\Component\\Console\\Output\\ConsoleOutput))
#4 /home/hgsdev/artisan(36): Illuminate\\Foundation\\Console\\Kernel->handle(Object(Symfony\\Component\\Console\\Input\\ArgvInput), Object(Symfony\\Component\\Console\\Output\\ConsoleOutput))
#5 {main}
"} 
[2019-05-16 09:00:02] local.ERROR: Invalid argument supplied for foreach() {"exception":"[object] (ErrorException(code: 0): Invalid argument supplied for foreach() at /home/hgsdev/vendor/symfony/console/Input/ArgvInput.php:260)
[stacktrace]
#0 /home/hgsdev/vendor/symfony/console/Input/ArgvInput.php(260): Illuminate\\Foundation\\Bootstrap\\HandleExceptions->handleError(2, 'Invalid argumen...', '/home/hgsdev/ve...', 260, Array)
#1 /home/hgsdev/vendor/symfony/console/Application.php(950): Symfony\\Component\\Console\\Input\\ArgvInput->getFirstArgument()
#2 /home/hgsdev/vendor/laravel/framework/src/Illuminate/Console/Application.php(80): Symfony\\Component\\Console\\Application->getCommandName(Object(Symfony\\Component\\Console\\Input\\ArgvInput))
#3 /home/hgsdev/vendor/laravel/framework/src/Illuminate/Foundation/Console/Kernel.php(122): Illuminate\\Console\\Application->run(Object(Symfony\\Component\\Console\\Input\\ArgvInput), Object(Symfony\\Component\\Console\\Output\\ConsoleOutput))
#4 /home/hgsdev/artisan(36): Illuminate\\Foundation\\Console\\Kernel->handle(Object(Symfony\\Component\\Console\\Input\\ArgvInput), Object(Symfony\\Component\\Console\\Output\\ConsoleOutput))
#5 {main}
"} 
[2019-05-16 09:15:01] local.ERROR: Invalid argument supplied for foreach() {"exception":"[object] (ErrorException(code: 0): Invalid argument supplied for foreach() at /home/hgsdev/vendor/symfony/console/Input/ArgvInput.php:260)
[stacktrace]
#0 /home/hgsdev/vendor/symfony/console/Input/ArgvInput.php(260): Illuminate\\Foundation\\Bootstrap\\HandleExceptions->handleError(2, 'Invalid argumen...', '/home/hgsdev/ve...', 260, Array)
#1 /home/hgsdev/vendor/symfony/console/Application.php(950): Symfony\\Component\\Console\\Input\\ArgvInput->getFirstArgument()
#2 /home/hgsdev/vendor/laravel/framework/src/Illuminate/Console/Application.php(80): Symfony\\Component\\Console\\Application->getCommandName(Object(Symfony\\Component\\Console\\Input\\ArgvInput))
#3 /home/hgsdev/vendor/laravel/framework/src/Illuminate/Foundation/Console/Kernel.php(122): Illuminate\\Console\\Application->run(Object(Symfony\\Component\\Console\\Input\\ArgvInput), Object(Symfony\\Component\\Console\\Output\\ConsoleOutput))
#4 /home/hgsdev/artisan(36): Illuminate\\Foundation\\Console\\Kernel->handle(Object(Symfony\\Component\\Console\\Input\\ArgvInput), Object(Symfony\\Component\\Console\\Output\\ConsoleOutput))
#5 {main}
"} 
[2019-05-16 09:30:02] local.ERROR: Invalid argument supplied for foreach() {"exception":"[object] (ErrorException(code: 0): Invalid argument supplied for foreach() at /home/hgsdev/vendor/symfony/console/Input/ArgvInput.php:260)
[stacktrace]
#0 /home/hgsdev/vendor/symfony/console/Input/ArgvInput.php(260): Illuminate\\Foundation\\Bootstrap\\HandleExceptions->handleError(2, 'Invalid argumen...', '/home/hgsdev/ve...', 260, Array)
#1 /home/hgsdev/vendor/symfony/console/Application.php(950): Symfony\\Component\\Console\\Input\\ArgvInput->getFirstArgument()
#2 /home/hgsdev/vendor/laravel/framework/src/Illuminate/Console/Application.php(80): Symfony\\Component\\Console\\Application->getCommandName(Object(Symfony\\Component\\Console\\Input\\ArgvInput))
#3 /home/hgsdev/vendor/laravel/framework/src/Illuminate/Foundation/Console/Kernel.php(122): Illuminate\\Console\\Application->run(Object(Symfony\\Component\\Console\\Input\\ArgvInput), Object(Symfony\\Component\\Console\\Output\\ConsoleOutput))
#4 /home/hgsdev/artisan(36): Illuminate\\Foundation\\Console\\Kernel->handle(Object(Symfony\\Component\\Console\\Input\\ArgvInput), Object(Symfony\\Component\\Console\\Output\\ConsoleOutput))
#5 {main}
"} 
[2019-05-16 09:45:01] local.ERROR: Invalid argument supplied for foreach() {"exception":"[object] (ErrorException(code: 0): Invalid argument supplied for foreach() at /home/hgsdev/vendor/symfony/console/Input/ArgvInput.php:260)
[stacktrace]
#0 /home/hgsdev/vendor/symfony/console/Input/ArgvInput.php(260): Illuminate\\Foundation\\Bootstrap\\HandleExceptions->handleError(2, 'Invalid argumen...', '/home/hgsdev/ve...', 260, Array)
#1 /home/hgsdev/vendor/symfony/console/Application.php(950): Symfony\\Component\\Console\\Input\\ArgvInput->getFirstArgument()
#2 /home/hgsdev/vendor/laravel/framework/src/Illuminate/Console/Application.php(80): Symfony\\Component\\Console\\Application->getCommandName(Object(Symfony\\Component\\Console\\Input\\ArgvInput))
#3 /home/hgsdev/vendor/laravel/framework/src/Illuminate/Foundation/Console/Kernel.php(122): Illuminate\\Console\\Application->run(Object(Symfony\\Component\\Console\\Input\\ArgvInput), Object(Symfony\\Component\\Console\\Output\\ConsoleOutput))
#4 /home/hgsdev/artisan(36): Illuminate\\Foundation\\Console\\Kernel->handle(Object(Symfony\\Component\\Console\\Input\\ArgvInput), Object(Symfony\\Component\\Console\\Output\\ConsoleOutput))
#5 {main}
"} 
[2019-05-16 10:00:01] local.ERROR: Invalid argument supplied for foreach() {"exception":"[object] (ErrorException(code: 0): Invalid argument supplied for foreach() at /home/hgsdev/vendor/symfony/console/Input/ArgvInput.php:260)
[stacktrace]
#0 /home/hgsdev/vendor/symfony/console/Input/ArgvInput.php(260): Illuminate\\Foundation\\Bootstrap\\HandleExceptions->handleError(2, 'Invalid argumen...', '/home/hgsdev/ve...', 260, Array)
#1 /home/hgsdev/vendor/symfony/console/Application.php(950): Symfony\\Component\\Console\\Input\\ArgvInput->getFirstArgument()
#2 /home/hgsdev/vendor/laravel/framework/src/Illuminate/Console/Application.php(80): Symfony\\Component\\Console\\Application->getCommandName(Object(Symfony\\Component\\Console\\Input\\ArgvInput))
#3 /home/hgsdev/vendor/laravel/framework/src/Illuminate/Foundation/Console/Kernel.php(122): Illuminate\\Console\\Application->run(Object(Symfony\\Component\\Console\\Input\\ArgvInput), Object(Symfony\\Component\\Console\\Output\\ConsoleOutput))
#4 /home/hgsdev/artisan(36): Illuminate\\Foundation\\Console\\Kernel->handle(Object(Symfony\\Component\\Console\\Input\\ArgvInput), Object(Symfony\\Component\\Console\\Output\\ConsoleOutput))
#5 {main}
"} 
[2019-05-16 10:15:01] local.ERROR: Invalid argument supplied for foreach() {"exception":"[object] (ErrorException(code: 0): Invalid argument supplied for foreach() at /home/hgsdev/vendor/symfony/console/Input/ArgvInput.php:260)
[stacktrace]
#0 /home/hgsdev/vendor/symfony/console/Input/ArgvInput.php(260): Illuminate\\Foundation\\Bootstrap\\HandleExceptions->handleError(2, 'Invalid argumen...', '/home/hgsdev/ve...', 260, Array)
#1 /home/hgsdev/vendor/symfony/console/Application.php(950): Symfony\\Component\\Console\\Input\\ArgvInput->getFirstArgument()
#2 /home/hgsdev/vendor/laravel/framework/src/Illuminate/Console/Application.php(80): Symfony\\Component\\Console\\Application->getCommandName(Object(Symfony\\Component\\Console\\Input\\ArgvInput))
#3 /home/hgsdev/vendor/laravel/framework/src/Illuminate/Foundation/Console/Kernel.php(122): Illuminate\\Console\\Application->run(Object(Symfony\\Component\\Console\\Input\\ArgvInput), Object(Symfony\\Component\\Console\\Output\\ConsoleOutput))
#4 /home/hgsdev/artisan(36): Illuminate\\Foundation\\Console\\Kernel->handle(Object(Symfony\\Component\\Console\\Input\\ArgvInput), Object(Symfony\\Component\\Console\\Output\\ConsoleOutput))
#5 {main}
"} 
[2019-05-16 10:30:02] local.ERROR: Invalid argument supplied for foreach() {"exception":"[object] (ErrorException(code: 0): Invalid argument supplied for foreach() at /home/hgsdev/vendor/symfony/console/Input/ArgvInput.php:260)
[stacktrace]
#0 /home/hgsdev/vendor/symfony/console/Input/ArgvInput.php(260): Illuminate\\Foundation\\Bootstrap\\HandleExceptions->handleError(2, 'Invalid argumen...', '/home/hgsdev/ve...', 260, Array)
#1 /home/hgsdev/vendor/symfony/console/Application.php(950): Symfony\\Component\\Console\\Input\\ArgvInput->getFirstArgument()
#2 /home/hgsdev/vendor/laravel/framework/src/Illuminate/Console/Application.php(80): Symfony\\Component\\Console\\Application->getCommandName(Object(Symfony\\Component\\Console\\Input\\ArgvInput))
#3 /home/hgsdev/vendor/laravel/framework/src/Illuminate/Foundation/Console/Kernel.php(122): Illuminate\\Console\\Application->run(Object(Symfony\\Component\\Console\\Input\\ArgvInput), Object(Symfony\\Component\\Console\\Output\\ConsoleOutput))
#4 /home/hgsdev/artisan(36): Illuminate\\Foundation\\Console\\Kernel->handle(Object(Symfony\\Component\\Console\\Input\\ArgvInput), Object(Symfony\\Component\\Console\\Output\\ConsoleOutput))
#5 {main}
"} 
[2019-05-16 10:45:02] local.ERROR: Invalid argument supplied for foreach() {"exception":"[object] (ErrorException(code: 0): Invalid argument supplied for foreach() at /home/hgsdev/vendor/symfony/console/Input/ArgvInput.php:260)
[stacktrace]
#0 /home/hgsdev/vendor/symfony/console/Input/ArgvInput.php(260): Illuminate\\Foundation\\Bootstrap\\HandleExceptions->handleError(2, 'Invalid argumen...', '/home/hgsdev/ve...', 260, Array)
#1 /home/hgsdev/vendor/symfony/console/Application.php(950): Symfony\\Component\\Console\\Input\\ArgvInput->getFirstArgument()
#2 /home/hgsdev/vendor/laravel/framework/src/Illuminate/Console/Application.php(80): Symfony\\Component\\Console\\Application->getCommandName(Object(Symfony\\Component\\Console\\Input\\ArgvInput))
#3 /home/hgsdev/vendor/laravel/framework/src/Illuminate/Foundation/Console/Kernel.php(122): Illuminate\\Console\\Application->run(Object(Symfony\\Component\\Console\\Input\\ArgvInput), Object(Symfony\\Component\\Console\\Output\\ConsoleOutput))
#4 /home/hgsdev/artisan(36): Illuminate\\Foundation\\Console\\Kernel->handle(Object(Symfony\\Component\\Console\\Input\\ArgvInput), Object(Symfony\\Component\\Console\\Output\\ConsoleOutput))
#5 {main}
"} 
[2019-05-16 11:00:02] local.ERROR: Invalid argument supplied for foreach() {"exception":"[object] (ErrorException(code: 0): Invalid argument supplied for foreach() at /home/hgsdev/vendor/symfony/console/Input/ArgvInput.php:260)
[stacktrace]
#0 /home/hgsdev/vendor/symfony/console/Input/ArgvInput.php(260): Illuminate\\Foundation\\Bootstrap\\HandleExceptions->handleError(2, 'Invalid argumen...', '/home/hgsdev/ve...', 260, Array)
#1 /home/hgsdev/vendor/symfony/console/Application.php(950): Symfony\\Component\\Console\\Input\\ArgvInput->getFirstArgument()
#2 /home/hgsdev/vendor/laravel/framework/src/Illuminate/Console/Application.php(80): Symfony\\Component\\Console\\Application->getCommandName(Object(Symfony\\Component\\Console\\Input\\ArgvInput))
#3 /home/hgsdev/vendor/laravel/framework/src/Illuminate/Foundation/Console/Kernel.php(122): Illuminate\\Console\\Application->run(Object(Symfony\\Component\\Console\\Input\\ArgvInput), Object(Symfony\\Component\\Console\\Output\\ConsoleOutput))
#4 /home/hgsdev/artisan(36): Illuminate\\Foundation\\Console\\Kernel->handle(Object(Symfony\\Component\\Console\\Input\\ArgvInput), Object(Symfony\\Component\\Console\\Output\\ConsoleOutput))
#5 {main}
"} 
[2019-05-16 11:15:01] local.ERROR: Invalid argument supplied for foreach() {"exception":"[object] (ErrorException(code: 0): Invalid argument supplied for foreach() at /home/hgsdev/vendor/symfony/console/Input/ArgvInput.php:260)
[stacktrace]
#0 /home/hgsdev/vendor/symfony/console/Input/ArgvInput.php(260): Illuminate\\Foundation\\Bootstrap\\HandleExceptions->handleError(2, 'Invalid argumen...', '/home/hgsdev/ve...', 260, Array)
#1 /home/hgsdev/vendor/symfony/console/Application.php(950): Symfony\\Component\\Console\\Input\\ArgvInput->getFirstArgument()
#2 /home/hgsdev/vendor/laravel/framework/src/Illuminate/Console/Application.php(80): Symfony\\Component\\Console\\Application->getCommandName(Object(Symfony\\Component\\Console\\Input\\ArgvInput))
#3 /home/hgsdev/vendor/laravel/framework/src/Illuminate/Foundation/Console/Kernel.php(122): Illuminate\\Console\\Application->run(Object(Symfony\\Component\\Console\\Input\\ArgvInput), Object(Symfony\\Component\\Console\\Output\\ConsoleOutput))
#4 /home/hgsdev/artisan(36): Illuminate\\Foundation\\Console\\Kernel->handle(Object(Symfony\\Component\\Console\\Input\\ArgvInput), Object(Symfony\\Component\\Console\\Output\\ConsoleOutput))
#5 {main}
"} 
[2019-05-16 11:30:01] local.ERROR: Invalid argument supplied for foreach() {"exception":"[object] (ErrorException(code: 0): Invalid argument supplied for foreach() at /home/hgsdev/vendor/symfony/console/Input/ArgvInput.php:260)
[stacktrace]
#0 /home/hgsdev/vendor/symfony/console/Input/ArgvInput.php(260): Illuminate\\Foundation\\Bootstrap\\HandleExceptions->handleError(2, 'Invalid argumen...', '/home/hgsdev/ve...', 260, Array)
#1 /home/hgsdev/vendor/symfony/console/Application.php(950): Symfony\\Component\\Console\\Input\\ArgvInput->getFirstArgument()
#2 /home/hgsdev/vendor/laravel/framework/src/Illuminate/Console/Application.php(80): Symfony\\Component\\Console\\Application->getCommandName(Object(Symfony\\Component\\Console\\Input\\ArgvInput))
#3 /home/hgsdev/vendor/laravel/framework/src/Illuminate/Foundation/Console/Kernel.php(122): Illuminate\\Console\\Application->run(Object(Symfony\\Component\\Console\\Input\\ArgvInput), Object(Symfony\\Component\\Console\\Output\\ConsoleOutput))
#4 /home/hgsdev/artisan(36): Illuminate\\Foundation\\Console\\Kernel->handle(Object(Symfony\\Component\\Console\\Input\\ArgvInput), Object(Symfony\\Component\\Console\\Output\\ConsoleOutput))
#5 {main}
"} 
[2019-05-16 11:45:01] local.ERROR: Invalid argument supplied for foreach() {"exception":"[object] (ErrorException(code: 0): Invalid argument supplied for foreach() at /home/hgsdev/vendor/symfony/console/Input/ArgvInput.php:260)
[stacktrace]
#0 /home/hgsdev/vendor/symfony/console/Input/ArgvInput.php(260): Illuminate\\Foundation\\Bootstrap\\HandleExceptions->handleError(2, 'Invalid argumen...', '/home/hgsdev/ve...', 260, Array)
#1 /home/hgsdev/vendor/symfony/console/Application.php(950): Symfony\\Component\\Console\\Input\\ArgvInput->getFirstArgument()
#2 /home/hgsdev/vendor/laravel/framework/src/Illuminate/Console/Application.php(80): Symfony\\Component\\Console\\Application->getCommandName(Object(Symfony\\Component\\Console\\Input\\ArgvInput))
#3 /home/hgsdev/vendor/laravel/framework/src/Illuminate/Foundation/Console/Kernel.php(122): Illuminate\\Console\\Application->run(Object(Symfony\\Component\\Console\\Input\\ArgvInput), Object(Symfony\\Component\\Console\\Output\\ConsoleOutput))
#4 /home/hgsdev/artisan(36): Illuminate\\Foundation\\Console\\Kernel->handle(Object(Symfony\\Component\\Console\\Input\\ArgvInput), Object(Symfony\\Component\\Console\\Output\\ConsoleOutput))
#5 {main}
"} 
[2019-05-16 12:00:02] local.ERROR: Invalid argument supplied for foreach() {"exception":"[object] (ErrorException(code: 0): Invalid argument supplied for foreach() at /home/hgsdev/vendor/symfony/console/Input/ArgvInput.php:260)
[stacktrace]
#0 /home/hgsdev/vendor/symfony/console/Input/ArgvInput.php(260): Illuminate\\Foundation\\Bootstrap\\HandleExceptions->handleError(2, 'Invalid argumen...', '/home/hgsdev/ve...', 260, Array)
#1 /home/hgsdev/vendor/symfony/console/Application.php(950): Symfony\\Component\\Console\\Input\\ArgvInput->getFirstArgument()
#2 /home/hgsdev/vendor/laravel/framework/src/Illuminate/Console/Application.php(80): Symfony\\Component\\Console\\Application->getCommandName(Object(Symfony\\Component\\Console\\Input\\ArgvInput))
#3 /home/hgsdev/vendor/laravel/framework/src/Illuminate/Foundation/Console/Kernel.php(122): Illuminate\\Console\\Application->run(Object(Symfony\\Component\\Console\\Input\\ArgvInput), Object(Symfony\\Component\\Console\\Output\\ConsoleOutput))
#4 /home/hgsdev/artisan(36): Illuminate\\Foundation\\Console\\Kernel->handle(Object(Symfony\\Component\\Console\\Input\\ArgvInput), Object(Symfony\\Component\\Console\\Output\\ConsoleOutput))
#5 {main}
"} 
[2019-05-16 12:15:01] local.ERROR: Invalid argument supplied for foreach() {"exception":"[object] (ErrorException(code: 0): Invalid argument supplied for foreach() at /home/hgsdev/vendor/symfony/console/Input/ArgvInput.php:260)
[stacktrace]
#0 /home/hgsdev/vendor/symfony/console/Input/ArgvInput.php(260): Illuminate\\Foundation\\Bootstrap\\HandleExceptions->handleError(2, 'Invalid argumen...', '/home/hgsdev/ve...', 260, Array)
#1 /home/hgsdev/vendor/symfony/console/Application.php(950): Symfony\\Component\\Console\\Input\\ArgvInput->getFirstArgument()
#2 /home/hgsdev/vendor/laravel/framework/src/Illuminate/Console/Application.php(80): Symfony\\Component\\Console\\Application->getCommandName(Object(Symfony\\Component\\Console\\Input\\ArgvInput))
#3 /home/hgsdev/vendor/laravel/framework/src/Illuminate/Foundation/Console/Kernel.php(122): Illuminate\\Console\\Application->run(Object(Symfony\\Component\\Console\\Input\\ArgvInput), Object(Symfony\\Component\\Console\\Output\\ConsoleOutput))
#4 /home/hgsdev/artisan(36): Illuminate\\Foundation\\Console\\Kernel->handle(Object(Symfony\\Component\\Console\\Input\\ArgvInput), Object(Symfony\\Component\\Console\\Output\\ConsoleOutput))
#5 {main}
"} 
[2019-05-16 12:30:02] local.ERROR: Invalid argument supplied for foreach() {"exception":"[object] (ErrorException(code: 0): Invalid argument supplied for foreach() at /home/hgsdev/vendor/symfony/console/Input/ArgvInput.php:260)
[stacktrace]
#0 /home/hgsdev/vendor/symfony/console/Input/ArgvInput.php(260): Illuminate\\Foundation\\Bootstrap\\HandleExceptions->handleError(2, 'Invalid argumen...', '/home/hgsdev/ve...', 260, Array)
#1 /home/hgsdev/vendor/symfony/console/Application.php(950): Symfony\\Component\\Console\\Input\\ArgvInput->getFirstArgument()
#2 /home/hgsdev/vendor/laravel/framework/src/Illuminate/Console/Application.php(80): Symfony\\Component\\Console\\Application->getCommandName(Object(Symfony\\Component\\Console\\Input\\ArgvInput))
#3 /home/hgsdev/vendor/laravel/framework/src/Illuminate/Foundation/Console/Kernel.php(122): Illuminate\\Console\\Application->run(Object(Symfony\\Component\\Console\\Input\\ArgvInput), Object(Symfony\\Component\\Console\\Output\\ConsoleOutput))
#4 /home/hgsdev/artisan(36): Illuminate\\Foundation\\Console\\Kernel->handle(Object(Symfony\\Component\\Console\\Input\\ArgvInput), Object(Symfony\\Component\\Console\\Output\\ConsoleOutput))
#5 {main}
"} 
[2019-05-16 12:45:01] local.ERROR: Invalid argument supplied for foreach() {"exception":"[object] (ErrorException(code: 0): Invalid argument supplied for foreach() at /home/hgsdev/vendor/symfony/console/Input/ArgvInput.php:260)
[stacktrace]
#0 /home/hgsdev/vendor/symfony/console/Input/ArgvInput.php(260): Illuminate\\Foundation\\Bootstrap\\HandleExceptions->handleError(2, 'Invalid argumen...', '/home/hgsdev/ve...', 260, Array)
#1 /home/hgsdev/vendor/symfony/console/Application.php(950): Symfony\\Component\\Console\\Input\\ArgvInput->getFirstArgument()
#2 /home/hgsdev/vendor/laravel/framework/src/Illuminate/Console/Application.php(80): Symfony\\Component\\Console\\Application->getCommandName(Object(Symfony\\Component\\Console\\Input\\ArgvInput))
#3 /home/hgsdev/vendor/laravel/framework/src/Illuminate/Foundation/Console/Kernel.php(122): Illuminate\\Console\\Application->run(Object(Symfony\\Component\\Console\\Input\\ArgvInput), Object(Symfony\\Component\\Console\\Output\\ConsoleOutput))
#4 /home/hgsdev/artisan(36): Illuminate\\Foundation\\Console\\Kernel->handle(Object(Symfony\\Component\\Console\\Input\\ArgvInput), Object(Symfony\\Component\\Console\\Output\\ConsoleOutput))
#5 {main}
"} 
[2019-05-16 13:00:01] local.ERROR: Invalid argument supplied for foreach() {"exception":"[object] (ErrorException(code: 0): Invalid argument supplied for foreach() at /home/hgsdev/vendor/symfony/console/Input/ArgvInput.php:260)
[stacktrace]
#0 /home/hgsdev/vendor/symfony/console/Input/ArgvInput.php(260): Illuminate\\Foundation\\Bootstrap\\HandleExceptions->handleError(2, 'Invalid argumen...', '/home/hgsdev/ve...', 260, Array)
#1 /home/hgsdev/vendor/symfony/console/Application.php(950): Symfony\\Component\\Console\\Input\\ArgvInput->getFirstArgument()
#2 /home/hgsdev/vendor/laravel/framework/src/Illuminate/Console/Application.php(80): Symfony\\Component\\Console\\Application->getCommandName(Object(Symfony\\Component\\Console\\Input\\ArgvInput))
#3 /home/hgsdev/vendor/laravel/framework/src/Illuminate/Foundation/Console/Kernel.php(122): Illuminate\\Console\\Application->run(Object(Symfony\\Component\\Console\\Input\\ArgvInput), Object(Symfony\\Component\\Console\\Output\\ConsoleOutput))
#4 /home/hgsdev/artisan(36): Illuminate\\Foundation\\Console\\Kernel->handle(Object(Symfony\\Component\\Console\\Input\\ArgvInput), Object(Symfony\\Component\\Console\\Output\\ConsoleOutput))
#5 {main}
"} 
[2019-05-16 13:15:01] local.ERROR: Invalid argument supplied for foreach() {"exception":"[object] (ErrorException(code: 0): Invalid argument supplied for foreach() at /home/hgsdev/vendor/symfony/console/Input/ArgvInput.php:260)
[stacktrace]
#0 /home/hgsdev/vendor/symfony/console/Input/ArgvInput.php(260): Illuminate\\Foundation\\Bootstrap\\HandleExceptions->handleError(2, 'Invalid argumen...', '/home/hgsdev/ve...', 260, Array)
#1 /home/hgsdev/vendor/symfony/console/Application.php(950): Symfony\\Component\\Console\\Input\\ArgvInput->getFirstArgument()
#2 /home/hgsdev/vendor/laravel/framework/src/Illuminate/Console/Application.php(80): Symfony\\Component\\Console\\Application->getCommandName(Object(Symfony\\Component\\Console\\Input\\ArgvInput))
#3 /home/hgsdev/vendor/laravel/framework/src/Illuminate/Foundation/Console/Kernel.php(122): Illuminate\\Console\\Application->run(Object(Symfony\\Component\\Console\\Input\\ArgvInput), Object(Symfony\\Component\\Console\\Output\\ConsoleOutput))
#4 /home/hgsdev/artisan(36): Illuminate\\Foundation\\Console\\Kernel->handle(Object(Symfony\\Component\\Console\\Input\\ArgvInput), Object(Symfony\\Component\\Console\\Output\\ConsoleOutput))
#5 {main}
"} 
[2019-05-16 13:30:01] local.ERROR: Invalid argument supplied for foreach() {"exception":"[object] (ErrorException(code: 0): Invalid argument supplied for foreach() at /home/hgsdev/vendor/symfony/console/Input/ArgvInput.php:260)
[stacktrace]
#0 /home/hgsdev/vendor/symfony/console/Input/ArgvInput.php(260): Illuminate\\Foundation\\Bootstrap\\HandleExceptions->handleError(2, 'Invalid argumen...', '/home/hgsdev/ve...', 260, Array)
#1 /home/hgsdev/vendor/symfony/console/Application.php(950): Symfony\\Component\\Console\\Input\\ArgvInput->getFirstArgument()
#2 /home/hgsdev/vendor/laravel/framework/src/Illuminate/Console/Application.php(80): Symfony\\Component\\Console\\Application->getCommandName(Object(Symfony\\Component\\Console\\Input\\ArgvInput))
#3 /home/hgsdev/vendor/laravel/framework/src/Illuminate/Foundation/Console/Kernel.php(122): Illuminate\\Console\\Application->run(Object(Symfony\\Component\\Console\\Input\\ArgvInput), Object(Symfony\\Component\\Console\\Output\\ConsoleOutput))
#4 /home/hgsdev/artisan(36): Illuminate\\Foundation\\Console\\Kernel->handle(Object(Symfony\\Component\\Console\\Input\\ArgvInput), Object(Symfony\\Component\\Console\\Output\\ConsoleOutput))
#5 {main}
"} 
